**INFO: Starting Blocking QThread with 1 CPU
   ____________________________________________________________________
__/ message from Blocking QThread
*** QThread MetricCollect [begin] (IncrReplace #1 / place_opt_design #2) : mem = 2.2M
###############################################################
#  Generated by:      Cadence Innovus 25.11-s102_1
#  OS:                Linux x86_64(Host ID ip-10-70-160-95.il-central-1.compute.internal)
#  Generated on:      Thu Jan 22 15:18:10 2026
#  Design:            lp_riscv_top
#  Command:           place_opt_design -report_dir /project/tsmc65/users/schiffe/ws/DVD/hw6/workspace/../reports/placement/place_opt_design
###############################################################

REPORT ANALYSIS SUMMARY (View:wc_analysis_view) (EL:Setup)
=========================================================================================================================================================================================================

GroupType:*
=========================================================================================================================================================================================================

         All                             IN2REG                          IN2OUT                           REG2REG                              REG2OUT
    -----------------------------------------------------------------------------------------------------------------------------------------------------------------------------------------------------  
     WNS:TNS:#VIO                     WNS:TNS:#VIO                     WNS:TNS:#VIO                     WNS:TNS:#VIO                     WNS:TNS:#VIO                     FromClk->ToClk                   
    -----------------------------------------------------------------------------------------------------------------------------------------------------------------------------------------------------  
    -0.302:-53.102:526               0.000:0.000:0                    0.000:0.000:0                    -0.302:-53.102:526               0.000:0.000:0                    *->*
Ending "set_metric_timing_analysis_summary" (total cpu=0:00:00.0, real=0:00:00.0, peak res=4822.7M, current mem=3879.9M)
Ending "get_summary_setup_timing" (total cpu=0:00:00.0, real=0:00:00.0, peak res=4822.7M, current mem=3880.5M)
*** QThread MetricCollect [finish] (IncrReplace #1 / place_opt_design #2) : cpu/real = 0:00:00.0/0:00:00.3 (0.0), mem = 25.9M
_______________________________________________________________________
