 ------------------------------------------------------------------------------------------------------------------------------------------------------------------- 
| Snapshot                | WNS                  | TNS                  | Density (%) | Hotspot                   | Resource               | DRVs       | Layer-OPT |
|                         | HEPG (ns) | ALL (ns) | HEPG (ns) | ALL (ns) |             | Max (bins) | Total (bins) | Real (s) | Memory (MB) | Tran | Cap | M9        |
|-------------------------+-----------+----------+-----------+----------+-------------+------------+--------------+----------+-------------+------+-----+-----------|
| initial_summary         |           |  -11.052 |           |   -13243 |        4.21 |            |              | 0:00:13  |        3279 | 6973 |  62 |           |
| simplify_netlist        |           |          |           |          |             |            |              | 0:00:04  |        3325 |      |     |           |
| drv_fixing              |           |          |           |          |             |            |              | 0:00:02  |        3327 |      |     |           |
| drv_fixing_2            |    -5.197 |   -5.197 |     -5150 |    -5150 |        4.66 |            |              | 0:00:42  |        3378 |   38 |   0 |         3 |
| global_opt              |           |   -0.980 |           |     -263 |        4.96 |            |              | 0:01:59  |        3412 |      |     |         3 |
| area_reclaiming         |    -0.947 |   -0.947 |      -249 |     -249 |        4.87 |            |              | 0:00:39  |        3417 |      |     |         2 |
| incremental_replacement |    -1.024 |   -1.024 |           |     -302 |             |       0.00 |         0.00 | 0:03:12  |        3475 |      |     |           |
| drv_fixing_3            |    -0.995 |   -0.995 |      -283 |     -283 |        4.94 |            |              | 0:00:17  |        3463 |    0 |   0 |         1 |
| tns_fixing              |    -0.381 |   -0.381 |       -18 |      -18 |        5.02 |            |              | 0:00:57  |        3518 |      |     |         1 |
| wns_fixing              |     0.032 |    0.032 |         0 |        0 |        5.08 |            |              | 0:00:58  |        3509 |      |     |         1 |
| area_reclaiming_2       |    -0.003 |   -0.003 |        -0 |       -0 |        4.96 |            |              | 0:01:01  |        3527 |      |     |         1 |
| area_reclaiming_3       |    -0.004 |   -0.004 |        -0 |       -0 |        4.83 |            |              | 0:00:41  |        3487 |      |     |         1 |
| drv_eco_fixing          |    -0.009 |   -0.009 |        -0 |       -0 |        4.84 |            |              | 0:00:04  |        3482 |   34 |   0 |         1 |
| tns_eco_fixing          |     0.001 |    0.001 |         0 |        0 |        4.84 |            |              | 0:00:07  |        3504 |      |     |         1 |
| final_summary           |    -0.000 |   -0.000 |           |       -0 |        4.84 |            |              | 0:00:03  |        3471 |    0 |   0 |           |
 ------------------------------------------------------------------------------------------------------------------------------------------------------------------- 
