 ------------------------------------------------------------------------------------------------------------------------------------------------------------------- 
| Snapshot                | WNS                  | TNS                  | Density (%) | Hotspot                   | Resource               | DRVs       | Layer-OPT |
|                         | HEPG (ns) | ALL (ns) | HEPG (ns) | ALL (ns) |             | Max (bins) | Total (bins) | Real (s) | Memory (MB) | Tran | Cap | M9        |
|-------------------------+-----------+----------+-----------+----------+-------------+------------+--------------+----------+-------------+------+-----+-----------|
| initial_summary         |           |  -10.522 |           |   -12797 |        6.01 |            |              | 0:00:14  |        3717 | 5319 |  70 |           |
| simplify_netlist        |           |          |           |          |             |            |              | 0:00:04  |        3757 |      |     |           |
| drv_fixing              |           |          |           |          |             |            |              | 0:00:02  |        3758 |      |     |           |
| drv_fixing_2            |    -4.127 |   -4.127 |     -3770 |    -3770 |        6.53 |            |              | 0:00:40  |        3786 |   34 |   0 |         2 |
| global_opt              |           |   -0.826 |           |     -134 |        6.90 |            |              | 0:02:16  |        3804 |      |     |         2 |
| area_reclaiming         |    -0.775 |   -0.775 |      -119 |     -119 |        6.82 |            |              | 0:00:40  |        3807 |      |     |         2 |
| incremental_replacement |    -0.625 |   -0.625 |           |      -79 |             |       0.00 |         0.00 | 0:03:43  |        3863 |      |     |           |
| drv_fixing_3            |    -0.593 |   -0.593 |       -72 |      -72 |        6.85 |            |              | 0:00:10  |        3777 |    0 |   0 |         2 |
| tns_fixing              |    -0.091 |   -0.091 |        -1 |       -1 |        6.93 |            |              | 0:00:33  |        3820 |      |     |         2 |
| wns_fixing              |     0.038 |    0.038 |         0 |        0 |        6.94 |            |              | 0:00:40  |        3814 |      |     |         2 |
| area_reclaiming_2       |    -0.001 |   -0.001 |        -0 |       -0 |        6.81 |            |              | 0:00:56  |        3823 |      |     |         2 |
| area_reclaiming_3       |    -0.003 |   -0.003 |        -0 |       -0 |        6.67 |            |              | 0:00:41  |        3796 |      |     |         2 |
| drv_eco_fixing          |    -0.003 |   -0.003 |        -0 |       -0 |        6.68 |            |              | 0:00:04  |        3796 |   34 |   0 |         2 |
| tns_eco_fixing          |     0.000 |    0.000 |         0 |        0 |        6.68 |            |              | 0:00:06  |        3809 |      |     |         2 |
| final_summary           |    -0.002 |   -0.002 |           |       -0 |        6.68 |            |              | 0:00:04  |        3781 |    0 |   0 |           |
 ------------------------------------------------------------------------------------------------------------------------------------------------------------------- 
