###############################################################
#  Generated by:      Cadence Innovus 25.11-s102_1
#  OS:                Linux x86_64(Host ID ip-10-70-171-74.il-central-1.compute.internal)
#  Generated on:      Tue Jan 27 20:00:36 2026
#  Design:            lp_riscv_top
###############################################################
Design: lp_riscv_top

------ Design Summary:
Total Standard Cell Number   (cells) : 21952
Total Block Cell Number      (cells) : 6
Total I/O Pad Cell Number    (cells) : 3622
Total Standard Cell Area     ( um^2) : 68901.48
Total Block Cell Area        ( um^2) : 1448384.71
Total I/O Pad Cell Area      ( um^2) : 950400.00

------ Design Statistics:

Number of Instances            : 25580
Number of Non-uniquified Insts : 25517
Number of Nets                 : 23293
Average number of Pins per Net : 3.68
Maximum number of Pins in Net  : 2185

------ I/O Port summary

Number of Primary I/O Ports    : 35
Number of Input Ports          : 34
Number of Output Ports         : 1
Number of Bidirectional Ports  : 0
Number of Power/Ground Ports   : 0



------------------------------------------------------------
Detail report:


------ I/O Pad/Port Checking


