###############################################################
#  Generated by:      Cadence Innovus 25.11-s102_1
#  OS:                Linux x86_64(Host ID ip-10-70-171-74.il-central-1.compute.internal)
#  Generated on:      Tue Jan 27 20:13:11 2026
#  Design:            lp_riscv_top
#  Command:           report_timing > $rpt_dir/report_timing.rpt
###############################################################
Path 1: VIOLATED (-0.048 ns) Setup Check with Pin lp_riscv/i_riscv_core_id_stage_i_mult_dot_op_b_ex_o_reg[29]/CK->D
               View: wc_analysis_view
              Group: reg2reg
         Startpoint: (R) lp_riscv/i_riscv_core_id_stage_i_alu_operator_ex_o_reg[1]/CK
              Clock: (R) clk
           Endpoint: (R) lp_riscv/i_riscv_core_id_stage_i_mult_dot_op_b_ex_o_reg[29]/D
              Clock: (R) clk

                       Capture       Launch
         Clock Edge:+    7.500        0.000
        Src Latency:+    0.000        0.000
        Net Latency:+    0.000 (I)    0.000 (I)
            Arrival:=    7.500        0.000

              Setup:-    0.110
        Uncertainty:-    0.125
        Cppr Adjust:+    0.000
      Required Time:=    7.265
       Launch Clock:=    0.000
          Data Path:+    7.313
              Slack:=   -0.048

#----------------------------------------------------------------------------------------------------------------------------------------------------------------
# Timing Point                                                                             Flags  Arc     Edge  Cell               Fanout  Trans   Delay  Arrival  
#                                                                                                                                           (ns)    (ns)     (ns)  
#----------------------------------------------------------------------------------------------------------------------------------------------------------------
  lp_riscv/i_riscv_core_id_stage_i_alu_operator_ex_o_reg[1]/CK                             -      CK      R     (arrival)              52  0.000       -    0.000  
  lp_riscv/i_riscv_core_id_stage_i_alu_operator_ex_o_reg[1]/Q                              -      CK->Q   F     DFFSQ_X4M_A9TL         12  0.000   0.312    0.312  
  lp_riscv/g76063/Y                                                                        -      B->Y    R     NOR2_X3A_A9TL           2  0.108   0.087    0.398  
  lp_riscv/placement_opt_inst_FE_OFC6055_n_7453/Y                                          -      A->Y    F     INV_X1M_A9TL            4  0.073   0.083    0.481  
  lp_riscv/g76006/Y                                                                        -      D->Y    F     OR4_X3M_A9TL            1  0.089   0.155    0.636  
  lp_riscv/placement_opt_inst_FE_OFC6014_n_7479/Y                                          -      A->Y    R     INV_X4M_A9TL            2  0.065   0.098    0.734  
  lp_riscv/placement_opt_inst_FE_OFC6016_n_7479/Y                                          -      A->Y    F     INV_X6M_A9TL           12  0.125   0.080    0.814  
  lp_riscv/placement_opt_inst_FE_OFC6018_n_7479/Y                                          -      A->Y    R     INV_X2M_A9TL            3  0.069   0.064    0.879  
  lp_riscv/g164987/Y                                                                       -      B->Y    R     XOR2_X1M_A9TL           2  0.064   0.134    1.013  
  lp_riscv/i_riscv_core_ex_stage_i_alu_i_add_162_45_g4757/Y                                -      A->Y    R     OR2_X1P4M_A9TL          2  0.202   0.150    1.163  
  lp_riscv/i_riscv_core_ex_stage_i_alu_i_add_162_45_g4644/Y                                -      A1N->Y  R     OAI2XB1_X3M_A9TL        2  0.061   0.152    1.315  
  lp_riscv/i_riscv_core_ex_stage_i_alu_i_add_162_45_g4636/Y                                -      A->Y    F     NAND2XB_X2M_A9TL        1  0.106   0.062    1.377  
  lp_riscv/i_riscv_core_ex_stage_i_alu_i_add_162_45_g4634/Y                                -      B->Y    R     NAND2_X3A_A9TL          4  0.061   0.064    1.440  
  lp_riscv/i_riscv_core_ex_stage_i_alu_i_add_162_45_g4629/Y                                -      A->Y    F     NAND2XB_X2M_A9TL        1  0.079   0.054    1.494  
  lp_riscv/i_riscv_core_ex_stage_i_alu_i_add_162_45_g4623/Y                                -      C->Y    F     AND3_X4M_A9TL           3  0.056   0.143    1.637  
  lp_riscv/i_riscv_core_ex_stage_i_alu_i_add_162_45_g4622/Y                                -      A->Y    R     INV_X4M_A9TL            2  0.059   0.046    1.683  
  lp_riscv/i_riscv_core_ex_stage_i_alu_i_add_162_45_g4617/Y                                -      A->Y    F     NAND2XB_X3M_A9TL        2  0.044   0.046    1.729  
  lp_riscv/i_riscv_core_ex_stage_i_alu_i_add_162_45_g4612/Y                                -      A->Y    R     NAND2XB_X2M_A9TL        3  0.058   0.073    1.802  
  lp_riscv/i_riscv_core_ex_stage_i_alu_i_add_162_45_g4820/Y                                -      A->Y    R     XNOR2_X0P7M_A9TL        1  0.102   0.101    1.903  
  lp_riscv/placement_opt_inst_FE_OFC5532_n_9802/Y                                          -      A->Y    R     BUFH_X1M_A9TL           3  0.180   0.159    2.062  
  lp_riscv/i_riscv_core_ex_stage_i_alu_i_add_176_44_g4476/Y                                -      A->Y    R     OR2_X0P5M_A9TL          3  0.123   0.175    2.236  
  lp_riscv/i_riscv_core_ex_stage_i_alu_i_add_176_44_g4405/Y                                -      B->Y    F     NAND2_X1A_A9TL          2  0.157   0.127    2.363  
  lp_riscv/placement_opt_inst_FE_OFC6937_i_riscv_core_ex_stage_i_alu_i_add_176_44_n_131/Y  -      A->Y    R     INV_X1M_A9TL            1  0.127   0.069    2.432  
  lp_riscv/i_riscv_core_ex_stage_i_alu_i_add_176_44_g4310/Y                                -      BN->Y   R     NOR2XB_X3M_A9TL         2  0.060   0.129    2.561  
  lp_riscv/i_riscv_core_ex_stage_i_alu_i_add_176_44_g4308/Y                                -      A->Y    F     NAND2XB_X2M_A9TL        1  0.088   0.062    2.623  
  lp_riscv/i_riscv_core_ex_stage_i_alu_i_add_176_44_g4304/Y                                -      B->Y    R     NAND2_X4M_A9TL          4  0.063   0.084    2.707  
  lp_riscv/i_riscv_core_ex_stage_i_alu_i_add_176_44_g4297/Y                                -      B->Y    F     NAND2_X1A_A9TL          1  0.099   0.078    2.785  
  lp_riscv/i_riscv_core_ex_stage_i_alu_i_add_176_44_g4293/Y                                -      B->Y    R     NAND2_X1A_A9TL          1  0.072   0.070    2.855  
  lp_riscv/i_riscv_core_ex_stage_i_alu_i_add_176_44_g4274/Y                                -      A->Y    R     XOR2_X0P7M_A9TL         1  0.070   0.108    2.962  
  lp_riscv/g103369/Y                                                                       -      A->Y    F     NAND2_X1A_A9TL          1  0.229   0.101    3.063  
  lp_riscv/g102392/Y                                                                       -      A->Y    R     NAND3XXB_X1M_A9TL       1  0.099   0.115    3.178  
  lp_riscv/placement_opt_inst_FE_OFC5863_n_9650/Y                                          -      A->Y    R     BUF_X2M_A9TL           12  0.158   0.233    3.411  
  lp_riscv/i_riscv_core_ex_stage_i_alu_i_srl_296_63_g2926/Y                                -      A->Y    F     MXIT2_X0P5M_A9TL        1  0.236   0.135    3.546  
  lp_riscv/placement_opt_inst_FE_OFC6831_i_riscv_core_ex_stage_i_alu_i_srl_296_63_n_39/Y   -      A->Y    F     BUFH_X1M_A9TL           2  0.110   0.147    3.693  
  lp_riscv/i_riscv_core_ex_stage_i_alu_i_srl_296_63_g3013/Y                                -      A->Y    F     MXT2_X0P5M_A9TL         2  0.104   0.202    3.895  
  lp_riscv/i_riscv_core_ex_stage_i_alu_i_srl_296_63_g2861/Y                                -      A->Y    R     INV_X1M_A9TL            1  0.111   0.068    3.963  
  lp_riscv/i_riscv_core_ex_stage_i_alu_i_srl_296_63_g2825/Y                                -      B->Y    F     MXIT2_X1M_A9TL          2  0.060   0.072    4.035  
  lp_riscv/i_riscv_core_ex_stage_i_alu_i_srl_296_63_g2/Y                                   -      BN->Y   F     NOR2XB_X0P5M_A9TL       1  0.111   0.146    4.181  
  lp_riscv/i_riscv_core_ex_stage_i_alu_i_srl_296_63_g2742/Y                                -      C0->Y   R     AOI211_X1M_A9TL         1  0.105   0.141    4.322  
  lp_riscv/g158714/Y                                                                       -      A0->Y   F     AOI22_X1M_A9TL          1  0.184   0.151    4.474  
  lp_riscv/g158265/Y                                                                       -      B->Y    R     NAND4_X1A_A9TL          1  0.161   0.172    4.645  
  lp_riscv/placement_opt_inst_FE_OFC4858_n_3608/Y                                          -      A->Y    R     BUF_X2M_A9TL            3  0.209   0.187    4.832  
  lp_riscv/g164320/Y                                                                       -      B->Y    F     MXIT2_X3M_A9TL          2  0.117   0.085    4.917  
  lp_riscv/placement_opt_inst_FE_RC_8_0/Y                                                  -      A0->Y   R     OAI22_X3M_A9TL          1  0.090   0.095    5.012  
  lp_riscv/g156843/Y                                                                       -      B->Y    F     NAND2_X1M_A9TL          1  0.104   0.073    5.085  
  lp_riscv/g156838/Y                                                                       -      B0->Y   R     OAI31_X2M_A9TL          1  0.088   0.088    5.173  
  lp_riscv/g156805/Y                                                                       -      A1->Y   R     AO21B_X2M_A9TL          1  0.154   0.171    5.345  
  lp_riscv/g156801/Y                                                                       -      A->Y    F     MXIT2_X3M_A9TL          1  0.085   0.068    5.413  
  lp_riscv/g156799/Y                                                                       -      A0->Y   R     AOI2XB1_X3M_A9TL        1  0.083   0.102    5.515  
  lp_riscv/g156798/Y                                                                       -      B->Y    F     NAND2_X4B_A9TL          1  0.116   0.078    5.592  
  lp_riscv/placement_opt_inst_FE_OCPC6652_n_4675/Y                                         -      A->Y    R     INV_X6M_A9TL            2  0.080   0.070    5.662  
  lp_riscv/placement_opt_inst_FE_OFC6740_n_4675/Y                                          -      A->Y    F     INV_X9M_A9TL           16  0.067   0.050    5.712  
  lp_riscv/g156768/Y                                                                       -      A1->Y   R     AOI22_X1M_A9TL          1  0.048   0.117    5.829  
  lp_riscv/g156739/Y                                                                       -      B1->Y   F     AOI32_X1M_A9TL          1  0.129   0.088    5.918  
  lp_riscv/g156723/Y                                                                       -      C->Y    F     AND3_X1M_A9TL           1  0.131   0.185    6.103  
  lp_riscv/placement_opt_inst_FE_RC_60_0/Y                                                 -      A->Y    R     NAND3_X2M_A9TL          1  0.071   0.082    6.185  
  lp_riscv/placement_opt_inst_FE_OFC6726_placement_opt_inst_FE_RN_27_0/Y                   -      A->Y    F     INV_X3M_A9TL            4  0.117   0.116    6.301  
  lp_riscv/g156041/Y                                                                       -      A0->Y   R     OAI2XB1_X2M_A9TL        2  0.122   0.155    6.456  
  lp_riscv/g155418/Y                                                                       -      B->Y    F     NAND2_X1A_A9TL          1  0.188   0.154    6.610  
  lp_riscv/g154220/Y                                                                       -      C->Y    R     NAND4_X1P4M_A9TL        2  0.158   0.193    6.803  
  lp_riscv/g153915/Y                                                                       -      A->Y    F     NAND2XB_X1M_A9TL        1  0.235   0.107    6.911  
  lp_riscv/g153837/Y                                                                       -      B->Y    R     NAND2_X2A_A9TL          1  0.106   0.067    6.978  
  lp_riscv/g153819/Y                                                                       -      A->Y    F     NOR2XB_X2M_A9TL         1  0.054   0.055    7.033  
  lp_riscv/g153786/Y                                                                       -      A->Y    R     NAND4_X1A_A9TL          1  0.073   0.087    7.119  
  lp_riscv/placement_opt_inst_FE_OFC6665_n_6331/Y                                          -      A->Y    R     BUF_X3M_A9TL            3  0.130   0.194    7.313  
  lp_riscv/i_riscv_core_id_stage_i_mult_dot_op_b_ex_o_reg[29]/D                            -      D       R     DFFRPQ_X2M_A9TL         3  0.165   0.000    7.313  
#----------------------------------------------------------------------------------------------------------------------------------------------------------------

