###############################################################
#  Generated by:      Cadence Innovus 25.11-s102_1
#  OS:                Linux x86_64(Host ID ip-10-70-171-74.il-central-1.compute.internal)
#  Generated on:      Tue Jan 27 20:00:17 2026
#  Design:            lp_riscv_top
#  Command:           report_timing > $rpt_dir/report_timing.rpt
###############################################################
Path 1: VIOLATED (-14.141 ns) Recovery Check with Pin lp_riscv/i_riscv_core_id_stage_i_prepost_useincr_ex_o_reg/CK->R
               View: wc_analysis_view
              Group: in2reg
         Startpoint: (R) PAD_RST_N
              Clock: (R) clk
           Endpoint: (F) lp_riscv/i_riscv_core_id_stage_i_prepost_useincr_ex_o_reg/R
              Clock: (R) clk

                       Capture       Launch
         Clock Edge:+    7.500        0.000
         Drv Adjust:+    0.000        0.107
        Src Latency:+    0.000        0.000
        Net Latency:+    0.000 (I)    0.000 (I)
            Arrival:=    7.500        0.107

           Recovery:-    0.027
        Uncertainty:-    0.125
        Cppr Adjust:+    0.000
      Required Time:=    7.348
       Launch Clock:=    0.107
        Input Delay:+    1.875
          Data Path:+   19.507
              Slack:=  -14.141

#--------------------------------------------------------------------------------------------------------------------------------------
# Timing Point                                                 Flags  Arc        Edge  Cell             Fanout  Trans    Delay  Arrival  
#                                                                                                                (ns)     (ns)     (ns)  
#--------------------------------------------------------------------------------------------------------------------------------------
  PAD_RST_N                                                    -      PAD_RST_N  R     (arrival)             1  0.466    0.003    1.986  
  i_ioring/i_RST_N/C                                           -      PAD->C     R     PDUW1216SCDG          6  0.403    0.746    2.732  
  lp_riscv/g162512/Y                                           -      A->Y       F     INV_X1M_A9TL       2184  0.037   18.757   21.489  
  lp_riscv/i_riscv_core_id_stage_i_prepost_useincr_ex_o_reg/R  -      R          F     DFFRPQ_X3M_A9TL    2184  0.000    0.000   21.489  
#--------------------------------------------------------------------------------------------------------------------------------------

