###############################################################
#  Generated by:      Cadence Innovus 25.11-s102_1
#  OS:                Linux x86_64(Host ID ip-10-70-171-74.il-central-1.compute.internal)
#  Generated on:      Tue Jan 27 20:52:22 2026
#  Design:            lp_riscv_top
#  Command:           check_connectivity -out_file /project/tsmc65/users/schiffe/ws/DVD/hw6/workspace/../export/signoff//connectivity.rpt
###############################################################
Verify Connectivity Report is created on Tue Jan 27 20:52:22 2026



Net vdd: dangling Wire at (1582.300, 1680.500) (1582.300, 1680.500) on layer: M2
Net vdd: dangling Wire at (1582.300, 1299.330) (1582.300, 1299.330) on layer: M2
Net vdd: dangling Wire at (1582.300, 977.160) (1582.300, 977.160) on layer: M2
Net vdd: dangling Wire at (1582.300, 595.990) (1582.300, 595.990) on layer: M2
Net vdd: dangling Wire at (1582.300, 214.820) (1582.300, 214.820) on layer: M2
Net vdd: dangling Wire at (562.300, 1680.500) (562.300, 1680.500) on layer: M2
Net vdd: dangling Wire at (562.300, 1006.085) (562.300, 1006.085) on layer: M2
Net vdd: dangling Wire at (562.300, 1065.085) (562.300, 1065.085) on layer: M2
Net vdd: dangling Wire at (562.300, 390.670) (562.300, 390.670) on layer: M2
Net vddio: no routing

Begin Summary
    1 Problem(s) (IMPVFC-98): Net has no global routing and no special routing.
    9 Problem(s) (IMPVFC-94): The net has dangling wire(s).
    10 total info(s) created.
End Summary
