 ------------------------------------------------------------------------------------------------------------------------------------------------------------------- 
| Snapshot                | WNS                  | TNS                  | Density (%) | Hotspot                   | Resource               | DRVs       | Layer-OPT |
|                         | HEPG (ns) | ALL (ns) | HEPG (ns) | ALL (ns) |             | Max (bins) | Total (bins) | Real (s) | Memory (MB) | Tran | Cap | M9        |
|-------------------------+-----------+----------+-----------+----------+-------------+------------+--------------+----------+-------------+------+-----+-----------|
| initial_summary         |           |  -12.624 |           |   -15860 |        3.31 |            |              | 0:00:25  |        2221 | 7914 |  65 |           |
| simplify_netlist        |           |          |           |          |             |            |              | 0:00:15  |        1936 |      |     |           |
| drv_fixing              |           |          |           |          |             |            |              | 0:00:05  |        1916 |      |     |           |
| drv_fixing_2            |    -5.701 |   -5.701 |     -6346 |    -6346 |        3.72 |            |              | 0:01:21  |        1653 |   36 |   0 |           |
| global_opt              |           |   -1.218 |           |     -534 |        4.01 |            |              | 0:04:43  |        1516 |      |     |         3 |
| area_reclaiming         |    -1.190 |   -1.190 |      -470 |     -470 |        3.94 |            |              | 0:01:15  |        1522 |      |     |         3 |
| incremental_replacement |    -1.103 |   -1.103 |           |     -257 |             |       0.00 |         0.00 | 0:07:03  |        1688 |      |     |           |
| drv_fixing_3            |    -1.079 |   -1.079 |      -252 |     -252 |        3.98 |            |              | 0:00:23  |        1708 |    0 |   0 |         3 |
| tns_fixing              |    -0.331 |   -0.331 |       -13 |      -13 |        4.04 |            |              | 0:01:49  |        1733 |      |     |         3 |
| wns_fixing              |     0.032 |    0.032 |         0 |        0 |        4.08 |            |              | 0:01:56  |        1696 |      |     |         3 |
| area_reclaiming_2       |    -0.003 |   -0.003 |        -0 |       -0 |        3.96 |            |              | 0:02:08  |         950 |      |     |         3 |
| area_reclaiming_3       |    -0.007 |   -0.007 |        -0 |       -0 |        3.83 |            |              | 0:01:48  |         731 |      |     |         2 |
| drv_eco_fixing          |    -0.036 |   -0.036 |        -1 |       -1 |        3.84 |            |              | 0:00:13  |         788 |   34 |   0 |         2 |
| tns_eco_fixing          |     0.000 |    0.000 |         0 |        0 |        3.84 |            |              | 0:00:17  |         853 |      |     |         2 |
| final_summary           |    -0.001 |   -0.001 |           |       -0 |        3.84 |            |              | 0:00:10  |        1294 |    0 |   0 |           |
 ------------------------------------------------------------------------------------------------------------------------------------------------------------------- 
