 ------------------------------------------------------------------------------------------------------------------------------------ 
| Snapshot             | WNS                  | TNS                  | Density (%) | Resource               | DRVs       | Layer-OPT |
|                      | HEPG (ns) | ALL (ns) | HEPG (ns) | ALL (ns) |             | Real (s) | Memory (MB) | Tran | Cap | M9        |
|----------------------+-----------+----------+-----------+----------+-------------+----------+-------------+------+-----+-----------|
| initial_summary      |    -0.522 |   -0.522 |           |     -171 |        4.67 | 0:00:38  |        4318 |   12 |   0 |           |
| ccopt_pro            |           |          |           |          |             | 0:00:57  |        4692 |      |     |           |
| drv_eco_fixing       |    -0.522 |   -0.522 |      -171 |     -171 |        4.67 | 0:00:06  |        4362 |   34 |   0 |         1 |
| wns_fixing           |     0.000 |    0.000 |         0 |        0 |        4.73 | 0:00:32  |        4425 |      |     |         1 |
| initial_summary_2    |     0.000 |    0.000 |           |        0 |        4.73 | 0:00:29  |        4435 |    0 |   0 |           |
| hold_fixing          |     0.000 |    0.000 |         0 |        0 |        4.73 | 0:00:09  |        4409 |      |     |         1 |
| route_type_fixing    |           |          |           |          |             | 0:00:01  |        4405 |      |     |           |
| pre_route_summary    |     0.000 |    0.000 |           |        0 |        4.73 | 0:00:01  |        4405 |    0 |   0 |           |
| eco_route            |           |          |           |          |             | 0:02:51  |        4474 |      |     |           |
| post_route_summary   |    -0.205 |   -0.205 |           |      -11 |        4.73 | 0:00:21  |        4623 |    5 |   0 |           |
| tns_eco_fixing       |    -0.205 |   -0.205 |       -11 |      -11 |       85.63 | 0:00:08  |        4655 |      |     |         1 |
| wns_eco_fixing       |     0.000 |    0.000 |         0 |        0 |        4.75 | 0:00:16  |        4679 |      |     |         1 |
| harden_opt_fixing    |           |          |           |          |             | 0:00:36  |        4646 |      |     |         1 |
| initial_summary_3    |     0.010 |    0.010 |           |        0 |             | 0:00:25  |        4736 |      |     |           |
| route_type_fixing_2  |           |          |           |          |             | 0:00:02  |        4744 |      |     |           |
| pre_route_summary_2  |     0.010 |    0.010 |           |        0 |        4.79 | 0:00:02  |        4744 |    4 |   0 |           |
| eco_route_2          |           |          |           |          |             | 0:01:30  |        4627 |      |     |           |
| post_route_summary_2 |    -0.024 |   -0.024 |           |       -0 |        4.79 | 0:00:02  |        4672 |    5 |   0 |           |
| tns_eco_fixing_2     |    -0.024 |   -0.024 |        -0 |       -0 |       85.63 | 0:00:08  |        4704 |      |     |         1 |
| initial_summary_4    |    -0.024 |   -0.024 |           |       -0 |        4.79 | 0:00:29  |        4773 |    5 |   0 |           |
| hold_fixing_2        |           |          |           |          |             | 0:00:02  |        4772 |      |     |           |
| final_summary        |    -0.024 |   -0.024 |           |       -0 |        4.79 | 0:00:24  |        4770 |    5 |   0 |           |
 ------------------------------------------------------------------------------------------------------------------------------------ 
