###############################################################
#  Generated by:      Cadence Innovus 25.11-s102_1
#  OS:                Linux x86_64(Host ID ip-10-70-171-74.il-central-1.compute.internal)
#  Generated on:      Tue Jan 27 20:24:36 2026
#  Design:            lp_riscv_top
#  Command:           report_timing > $rpt_dir/report_timing.rpt
###############################################################
Path 1: VIOLATED (-0.231 ns) Setup Check with Pin lp_riscv/i_riscv_core_if_stage_i_prefetch_32.prefetch_buffer_i_fifo_i_rdata_Q_reg[0][27]/CK->D
               View: wc_analysis_view
              Group: reg2reg
         Startpoint: (R) lp_riscv/i_riscv_core_id_stage_i_alu_operand_a_ex_o_reg[9]/CK
              Clock: (R) clk
           Endpoint: (R) lp_riscv/i_riscv_core_if_stage_i_prefetch_32.prefetch_buffer_i_fifo_i_rdata_Q_reg[0][27]/D
              Clock: (R) clk

                       Capture       Launch
         Clock Edge:+    7.500        0.000
        Src Latency:+    0.000        0.000
        Net Latency:+    0.000 (I)    0.000 (I)
            Arrival:=    7.500        0.000

              Setup:-    0.139
        Uncertainty:-    0.125
        Cppr Adjust:+    0.000
      Required Time:=    7.236
       Launch Clock:=    0.000
          Data Path:+    7.468
              Slack:=   -0.231

#--------------------------------------------------------------------------------------------------------------------------------------------------------------------
# Timing Point                                                                                Flags  Arc    Edge  Cell                 Fanout  Trans   Delay  Arrival  
#                                                                                                                                               (ns)    (ns)     (ns)  
#--------------------------------------------------------------------------------------------------------------------------------------------------------------------
  lp_riscv/i_riscv_core_id_stage_i_alu_operand_a_ex_o_reg[9]/CK                               -      CK     R     (arrival)                32  0.000       -    0.000  
  lp_riscv/i_riscv_core_id_stage_i_alu_operand_a_ex_o_reg[9]/Q                                -      CK->Q  R     DFFRPQ_X1M_A9TL           3  0.000   0.349    0.349  
  lp_riscv/placement_opt_inst_FE_OFC7921_i_riscv_core_alu_operand_a_ex_9/Y                    -      A->Y   F     INV_X2M_A9TL              5  0.146   0.130    0.479  
  lp_riscv/placement_opt_inst_FE_OFC7922_i_riscv_core_alu_operand_a_ex_9/Y                    -      A->Y   R     INV_X4M_A9TL             18  0.120   0.223    0.702  
  lp_riscv/g103914/Y                                                                          -      A->Y   R     OR2_X0P5M_A9TL            2  0.301   0.211    0.914  
  lp_riscv/g103440/Y                                                                          -      B->Y   F     NAND2_X1M_A9TL            3  0.104   0.104    1.017  
  lp_riscv/g102882/Y                                                                          -      A2->Y  R     AOI32_X1M_A9TL            1  0.102   0.173    1.190  
  lp_riscv/g102560/Y                                                                          -      A1->Y  F     AOI22_X1M_A9TL            1  0.159   0.123    1.313  
  lp_riscv/g102432/Y                                                                          -      A1->Y  R     AOI22_X1M_A9TL            1  0.132   0.149    1.462  
  lp_riscv/g102365/Y                                                                          -      A1->Y  F     AOI22_X1M_A9TL            1  0.117   0.107    1.569  
  lp_riscv/g102329/Y                                                                          -      A1->Y  R     AOI22_X1M_A9TL            1  0.129   0.150    1.719  
  lp_riscv/g102309/Y                                                                          -      A1->Y  F     AOI22_X1M_A9TL            1  0.120   0.115    1.834  
  lp_riscv/g102294/Y                                                                          -      A1->Y  R     AOI21_X1M_A9TL            2  0.143   0.197    2.031  
  lp_riscv/g102283/Y                                                                          -      B0->Y  F     OAI21_X1M_A9TL            2  0.204   0.132    2.163  
  lp_riscv/g102274/Y                                                                          -      A1->Y  F     AO21B_X1M_A9TL            1  0.117   0.154    2.317  
  lp_riscv/g102270/Y                                                                          -      A->Y   R     NAND2XB_X1M_A9TL          4  0.090   0.158    2.475  
  lp_riscv/g102265/Y                                                                          -      B->Y   F     NAND3XXB_X1P4M_A9TL       3  0.214   0.183    2.658  
  lp_riscv/placement_opt_inst_FE_OFC7065_n_9356/Y                                             -      A->Y   R     INV_X1M_A9TL              1  0.183   0.087    2.745  
  lp_riscv/g102253/Y                                                                          -      B1->Y  F     AOI32_X1M_A9TL            1  0.072   0.072    2.817  
  lp_riscv/g104324/Y                                                                          -      BN->Y  F     NAND2XB_X3M_A9TL          4  0.126   0.209    3.026  
  lp_riscv/g102242/Y                                                                          -      B->Y   R     NAND2_X1B_A9TL            2  0.131   0.107    3.134  
  lp_riscv/g102236/Y                                                                          -      B->Y   F     NAND3XXB_X2M_A9TL         5  0.093   0.131    3.265  
  lp_riscv/g102230/Y                                                                          -      A->Y   R     NOR2XB_X1M_A9TL           4  0.158   0.210    3.475  
  lp_riscv/g102220/Y                                                                          -      C->Y   F     NAND3B_X1M_A9TL           3  0.247   0.196    3.671  
  lp_riscv/g102206/Y                                                                          -      C->Y   F     OR3_X0P5M_A9TL            3  0.192   0.269    3.940  
  lp_riscv/g102190/Y                                                                          -      B->Y   R     NAND3XXB_X1M_A9TL         3  0.118   0.166    4.105  
  lp_riscv/g102187/Y                                                                          -      A->Y   F     INV_X1M_A9TL              3  0.196   0.118    4.223  
  lp_riscv/g102174/Y                                                                          -      C->Y   F     OR3_X1M_A9TL              5  0.098   0.217    4.440  
  lp_riscv/g102171/Y                                                                          -      B->Y   R     NAND2_X1M_A9TL            1  0.119   0.087    4.527  
  lp_riscv/g102169/Y                                                                          -      B->Y   F     NOR2_X1B_A9TL             1  0.071   0.076    4.602  
  lp_riscv/g102165/Y                                                                          -      B0->Y  R     OAI31_X1P4M_A9TL          3  0.090   0.122    4.725  
  lp_riscv/g102159/Y                                                                          -      B->Y   F     NOR2_X1B_A9TL             1  0.207   0.127    4.851  
  lp_riscv/g102145/Y                                                                          -      B->Y   F     AND2_X1M_A9TL             1  0.095   0.144    4.995  
  lp_riscv/g102135/Y                                                                          -      B->Y   R     NAND2_X2A_A9TL            4  0.054   0.134    5.130  
  lp_riscv/g102107/Y                                                                          -      B->Y   F     NOR2_X1B_A9TL             3  0.185   0.187    5.317  
  lp_riscv/placement_opt_inst_FE_OFC6811_n_7384/Y                                             -      A->Y   R     INV_X1M_A9TL              7  0.181   0.187    5.504  
  lp_riscv/g102091/Y                                                                          -      B->Y   R     OR2_X0P5M_A9TL            4  0.186   0.254    5.758  
  lp_riscv/g102072/Y                                                                          -      B->Y   R     OR2_X0P5M_A9TL            2  0.229   0.209    5.967  
  lp_riscv/g102059/Y                                                                          -      B->Y   F     NAND2_X1M_A9TL            1  0.114   0.097    6.064  
  lp_riscv/placement_opt_inst_FE_OFC4626_n_8336/Y                                             -      A->Y   R     INV_X3M_A9TL             16  0.115   0.160    6.224  
  lp_riscv/g161300/Y                                                                          -      C->Y   F     NOR3_X1A_A9TL             1  0.187   0.120    6.344  
  lp_riscv/placement_opt_inst_FE_DBTC145_n_1304/Y                                             -      A->Y   R     INV_X1M_A9TL              8  0.113   0.197    6.541  
  lp_riscv/placement_opt_inst_FE_OFC6781_n_515/Y                                              -      A->Y   R     BUF_X3M_A9TL             19  0.257   0.265    6.806  
  lp_riscv/g160210/Y                                                                          -      A->Y   F     NAND2_X3A_A9TL           16  0.208   0.206    7.012  
  lp_riscv/placement_opt_inst_FE_OFC4107_n_2236/Y                                             -      A->Y   F     BUF_X2M_A9TL             17  0.218   0.259    7.271  
  lp_riscv/g158689/Y                                                                          -      B1->Y  R     OAI222_X1M_A9TL           1  0.167   0.197    7.468  
  lp_riscv/i_riscv_core_if_stage_i_prefetch_32.prefetch_buffer_i_fifo_i_rdata_Q_reg[0][27]/D  -      D      R     DFFRPQN_X1M_A9TL          1  0.240   0.000    7.468  
#--------------------------------------------------------------------------------------------------------------------------------------------------------------------

