###############################################################
#  Generated by:      Cadence Innovus 25.11-s102_1
#  OS:                Linux x86_64(Host ID ip-10-70-171-74.il-central-1.compute.internal)
#  Generated on:      Tue Jan 27 20:13:53 2026
#  Design:            lp_riscv_top
#  Command:           report_clock_trees -out_file /project/tsmc65/users/schiffe/ws/DVD/hw6/workspace/../reports/cts//clock_trees.rpt
###############################################################

Clock DAG stats:
================

----------------------------------------------------------
Cell type                 Count    Area        Capacitance
----------------------------------------------------------
Buffers                     0         0.000       0.000
Inverters                   0         0.000       0.000
Integrated Clock Gates     65       421.200       0.167
Discrete Clock Gates        1         1.800       0.001
Clock Logic                 1      6000.000       2.783
All                        67      6423.000       2.951
----------------------------------------------------------

Clock DAG miscellaneous counts:
===============================

------------------------------
Type                     Count
------------------------------
Roots                      1
Preserved Ports            0
Multiple Clock Inputs      0
------------------------------


Clock DAG sink counts:
======================

-------------------------
Sink type           Count
-------------------------
Regular             2195
Enable Latch           1
Load Capacitance       0
Antenna Diode          0
Node Sink              0
Port                   0
Total               2196
-------------------------


Clock DAG wire lengths:
=======================

--------------------
Type     Wire Length
--------------------
Top           0.000
Trunk         0.000
Leaf      20656.145
Total     20656.145
--------------------


Clock DAG hp wire lengths:
==========================

-----------------------
Type     hp Wire Length
-----------------------
Top            0.000
Trunk        143.500
Leaf       12660.600
Total      12804.100
-----------------------


Clock DAG capacitances:
=======================

--------------------------------
Type     Gate     Wire     Total
--------------------------------
Top      0.000    0.000    0.000
Trunk    2.783    0.000    2.783
Leaf     2.263    2.948    5.212
Total    5.046    2.948    7.994
--------------------------------


Clock DAG sink capacitances:
============================

-----------------------------------------------
Total    Average    Std. Dev.    Min      Max
-----------------------------------------------
2.096     0.001       0.002      0.001    0.034
-----------------------------------------------


Clock DAG net violations:
=========================

--------------------------------------------------------------------------------------------------------------------------------------------------------
Type                    Units    Count    Average    Std. Dev.    Sum        Top 10 violations
--------------------------------------------------------------------------------------------------------------------------------------------------------
Remaining Transition    ns        68       2.075       1.234      141.117    [9.550, 4.968, 3.832, 3.631, 3.234, 2.725, 2.712, 2.694, 2.572, 2.563, ...]
Fanout                    -       60      16.617      17.108      997.000    [112, 78, 52, 45, 44, 32, 12, 12, 12, 12, ...]
--------------------------------------------------------------------------------------------------------------------------------------------------------


Clock DAG primary half-corner transition distribution:
======================================================

---------------------------------------------------------------------------------------------------------------------------------------------------------------
Net Type    Target    Count    Average    Std. Dev.    Min      Max      Distribution    Over Target
---------------------------------------------------------------------------------------------------------------------------------------------------------------
Trunk       0.250       1       0.304       0.000      0.304    0.304         -          {0 <= 0.263ns, 0 <= 0.275ns, 0 <= 0.300ns, 1 <= 0.375ns, 0 > 0.375ns}
Leaf        0.250      67       2.355       1.218      0.380    9.800         -          {0 <= 0.263ns, 0 <= 0.275ns, 0 <= 0.300ns, 0 <= 0.375ns, 67 > 0.375ns}
---------------------------------------------------------------------------------------------------------------------------------------------------------------


Clock DAG library cell distribution:
====================================

-------------------------------------------------
Name                 Type     Inst     Inst Area 
                              Count    (um^2)
-------------------------------------------------
PREICG_X0P5B_A9TR    icg       65        421.200
AND2_X0P7M_A9TR      dcg        1          1.800
PDDW1216SCDG         logic      1       6000.000
-------------------------------------------------



Please note that the following tables reflect only the defined clock trees, so the flop counts might not include all flops in your design.

Clock Tree Summary:
===================

----------------------------------------------------------------------------------------------------------------------
Clock Tree  Clock  Bufs  Invs  Other  Max       Max     Max      Max          Standard   Wire   Gate   Clock Tree Root
Name        Gates              Clock  Non-leaf  Leaf    Length   Source-sink  cell area  cap    cap    
                               Cells  Fanout    Fanout  (um)     Resistance   (um^2)     (pF)   (pF)   
                                                                 (Ohms)                                
----------------------------------------------------------------------------------------------------------------------
clk          66     0     0      1       1       132    2196.24    28673.5    6423.000   2.948  5.046  PAD_CLK
----------------------------------------------------------------------------------------------------------------------

1 clock trees contain a total of 1 nets marked dont_touch, which will not have been buffered, and may have Design Rule Violations as a consequence.
1 clock trees contain a total of 1 nets marked ideal_network, which will not have been buffered, and may have Design Rule Violations as a consequence.

Clock Sink Summary:
===================

-------------------------------------------------------------------------------------------------------------------------------------------
Clock Tree  Explicit      Implicit      Explicit     Implicit     Explicit   Implicit   Posedge  Negedge  Memory  Enable  Non enable  Other
Name        exclude pins  exclude pins  ignore pins  ignore pins  stop pins  stop pins  Flops    Flops    Clock   Latch   Latch       Sinks
                                                                                                          Pins    Sinks   Sinks       
-------------------------------------------------------------------------------------------------------------------------------------------
clk              0             0             0            0           0          0       2189       0       6       1         0         0
-------------------------------------------------------------------------------------------------------------------------------------------

Summary across all clock trees:
===============================

-------------------------------------------------------------------------------------------------------------
Clock  Bufs  Invs  Other  Max       Average   Max     Average  Max       Max          Standard   Wire   Gate
Gates              Clock  Non-leaf  Non-leaf  Leaf    Leaf     Length    Source-sink  cell area  cap    cap
                   Cells  Fanout    Fanout    Fanout  Fanout   (um)      Resistance   (um^2)     (pF)   (pF)
                                                                         (Ohms)                         
-------------------------------------------------------------------------------------------------------------
 66     0     0      1       1         1       132    33.7612  2196.245   2867.348    6423.000   2.948  5.046
-------------------------------------------------------------------------------------------------------------

Clock Sink Summary across all clock trees:
==========================================

-------------------------------------------------------------------------------------------------------------------------------
Explicit      Implicit      Explicit     Implicit     Explicit   Implicit   Posedge  Negedge  Memory  Enable  Non enable  Other
exclude pins  exclude pins  ignore pins  ignore pins  stop pins  stop pins  Flops    Flops    Clock   Latch   Latch       Sinks
                                                                                              Pins    Sinks   Sinks       
-------------------------------------------------------------------------------------------------------------------------------
     0             0             0            0           0          0       2189       0       6       1         0         0
-------------------------------------------------------------------------------------------------------------------------------

Physical metrics across all clock trees:
========================================

------------------------------------------------------------------------
Metric                               Minimum  Average  Maximum   Std.dev
------------------------------------------------------------------------
Source-sink routed net length (um)    0.000   145.709  2196.245  253.930
Source-sink manhattan distance (um)   0.000   131.457  2195.445  254.874
Source-sink resistance (Ohm)          6.314   260.818  2867.348  328.301
------------------------------------------------------------------------

Transition distribution for half-corner wc_dly_corner:setup.late:
=================================================================

---------------------------------------------------------------------------------------------------------------------------------------------------------------
Net Type    Target    Count    Average    Std. Dev.    Min      Max      Distribution    Over Target
---------------------------------------------------------------------------------------------------------------------------------------------------------------
Trunk       0.250       1       0.304       0.000      0.304    0.304         -          {0 <= 0.263ns, 0 <= 0.275ns, 0 <= 0.300ns, 1 <= 0.375ns, 0 > 0.375ns}
Leaf        0.250      67       2.355       1.218      0.380    9.800         -          {0 <= 0.263ns, 0 <= 0.275ns, 0 <= 0.300ns, 0 <= 0.375ns, 67 > 0.375ns}
---------------------------------------------------------------------------------------------------------------------------------------------------------------

Count of violations across all clock trees:
===========================================

---------------------------------------------------------------------------------------
Clock Tree  # Max capacitance  # Max resistance  # Max length  # Max fanout  # Slew
Name        violations         violations        violations    violations    violations
---------------------------------------------------------------------------------------
clk                56                 0               0             60          2331
---------------------------------------------------------------------------------------
Total              56                 0               0             60          2331
---------------------------------------------------------------------------------------

Note the above table per clock tree is based on CCOpt clock tree view. The violations are counted across half corners.

Found a total of 56 clock tree pins with max capacitance violations.
Found a total of 56 max capacitance violations.
Total violation amount 2.074pF.

Max capacitance violation summary across all clock trees - Top 10 violations:
=============================================================================

Target and measured capacitances (in pF):

-------------------------------------------------------------------------------------------------------------------------------------------------------------------------------
Half corner               Violation  Capacitance  Capacitance  Target                           Pin
                          amount     target       achieved     source                           
-------------------------------------------------------------------------------------------------------------------------------------------------------------------------------
wc_dly_corner:setup.late    0.546       0.100        0.646     target_max_capacitance_property  i_ioring/i_CLK/C
wc_dly_corner:setup.late    0.293       0.100        0.393     target_max_capacitance_property  lp_riscv/g103844/Y
wc_dly_corner:setup.late    0.105       0.048        0.153     library_or_sdc_constraint        lp_riscv/i_riscv_core_id_stage_i_RC_CG_HIER_INST27/RC_CGIC_INST/ECK
wc_dly_corner:setup.late    0.071       0.048        0.119     library_or_sdc_constraint        lp_riscv/i_riscv_core_if_stage_i_RC_CG_HIER_INST34/RC_CGIC_INST/ECK
wc_dly_corner:setup.late    0.065       0.048        0.113     library_or_sdc_constraint        lp_riscv/i_riscv_core_id_stage_i_RC_CG_HIER_INST28/RC_CGIC_INST/ECK
wc_dly_corner:setup.late    0.053       0.048        0.101     library_or_sdc_constraint        lp_riscv/RC_CG_DECLONE_HIER_INST/RC_CGIC_INST/ECK
wc_dly_corner:setup.late    0.037       0.048        0.086     library_or_sdc_constraint        lp_riscv/i_riscv_core_id_stage_i_RC_CG_HIER_INST29/RC_CGIC_INST/ECK
wc_dly_corner:setup.late    0.037       0.048        0.086     library_or_sdc_constraint        lp_riscv/i_riscv_core_id_stage_i_registers_i_RC_CG_HIER_INST53/RC_CGIC_INST/ECK
wc_dly_corner:setup.late    0.037       0.048        0.085     library_or_sdc_constraint        lp_riscv/i_riscv_core_id_stage_i_registers_i_RC_CG_HIER_INST52/RC_CGIC_INST/ECK
wc_dly_corner:setup.late    0.033       0.048        0.081     library_or_sdc_constraint        lp_riscv/i_riscv_core_id_stage_i_registers_i_RC_CG_HIER_INST65/RC_CGIC_INST/ECK
-------------------------------------------------------------------------------------------------------------------------------------------------------------------------------

Target sources:
target_max_capacitance_property - the target was set in the cts_target_max_capacitance attribute
library_or_sdc_constraint - the non-frequency-dependent target was set in a library file or by an SDC constraint
frequency_dependent_library_or_sdc_constraint - the frequency-dependent target was set in a library file or by an SDC constraint
computed_from_slew_target - the target was calculated based on the slew target at a clock root
clock_root_forced - the target was forced to be zero at a clock root


Found a total of 0 clock tree nets with max resistance violations.
Found a total of 0 clock tree nets with max length violations.
Found a total of 60 clock tree nets with max fanout violations.

Max fanout violation summary across all clock trees - Top 10 violations:
========================================================================

Target and measured fanout (in #):

-----------------------------------------------------------------------------------------------------------------------------------------------------------------------------------------------------------------------------------------------------------------------------------------------
Target  Achieved  Dont   Ideal  Net                                                                                 Node                                                                                                                                      Location             Power domain
                  touch  net?                                                                                                                                                                                                                                                      
                  net?                                                                                                                                                                                                                                                             
-----------------------------------------------------------------------------------------------------------------------------------------------------------------------------------------------------------------------------------------------------------------------------------------------
  20      132     N      N      lp_riscv/i_riscv_core_clk                                                           cell lp_riscv/g103844 (a lib_cell AND2_X0P7M_A9TR)                                                                                        (1277.200,1006.800)  auto-default
  20       98     N      N      lp_riscv/i_riscv_core_id_stage_i_rc_gclk                                            cell lp_riscv/i_riscv_core_id_stage_i_RC_CG_HIER_INST27/RC_CGIC_INST (a lib_cell PREICG_X0P5B_A9TR)                                       (1256.200,1068.000)  auto-default
  20       72     N      N      lp_riscv/i_riscv_core_id_stage_i_rc_gclk_2618                                       cell lp_riscv/i_riscv_core_id_stage_i_RC_CG_HIER_INST28/RC_CGIC_INST (a lib_cell PREICG_X0P5B_A9TR)                                       (1263.000,1066.200)  auto-default
  20       65     N      N      lp_riscv/i_riscv_core_if_stage_i_rc_gclk                                            cell lp_riscv/i_riscv_core_if_stage_i_RC_CG_HIER_INST34/RC_CGIC_INST (a lib_cell PREICG_X0P5B_A9TR)                                       (1294.400,1006.800)  auto-default
  20       64     N      N      lp_riscv/rc_gclk                                                                    cell lp_riscv/RC_CG_DECLONE_HIER_INST/RC_CGIC_INST (a lib_cell PREICG_X0P5B_A9TR)                                                         (1311.200,1179.600)  auto-default
  20       52     N      N      lp_riscv/i_riscv_core_id_stage_i_rc_gclk_2620                                       cell lp_riscv/i_riscv_core_id_stage_i_RC_CG_HIER_INST29/RC_CGIC_INST (a lib_cell PREICG_X0P5B_A9TR)                                       (1276.200,1071.600)  auto-default
  20       32     N      N      lp_riscv/i_riscv_core_id_stage_i_registers_i_rc_gclk_3767                           cell lp_riscv/i_riscv_core_id_stage_i_registers_i_RC_CG_HIER_INST67/RC_CGIC_INST (a lib_cell PREICG_X0P5B_A9TR)                           (1327.400,855.600)   auto-default
  20       32     N      N      lp_riscv/i_riscv_core_if_stage_i_prefetch_32.prefetch_buffer_i_rc_gclk              cell lp_riscv/i_riscv_core_if_stage_i_prefetch_32.prefetch_buffer_i_RC_CG_HIER_INST36/RC_CGIC_INST (a lib_cell PREICG_X0P5B_A9TR)         (1303.000,992.400)   auto-default
  20       32     N      N      lp_riscv/i_riscv_core_if_stage_i_prefetch_32.prefetch_buffer_i_fifo_i_rc_gclk       cell lp_riscv/i_riscv_core_if_stage_i_prefetch_32.prefetch_buffer_i_fifo_i_RC_CG_HIER_INST15/RC_CGIC_INST (a lib_cell PREICG_X0P5B_A9TR)  (1216.200,965.400)   auto-default
  20       32     N      N      lp_riscv/i_riscv_core_if_stage_i_prefetch_32.prefetch_buffer_i_fifo_i_rc_gclk_1704  cell lp_riscv/i_riscv_core_if_stage_i_prefetch_32.prefetch_buffer_i_fifo_i_RC_CG_HIER_INST16/RC_CGIC_INST (a lib_cell PREICG_X0P5B_A9TR)  (1210.400,961.800)   auto-default
-----------------------------------------------------------------------------------------------------------------------------------------------------------------------------------------------------------------------------------------------------------------------------------------------

Found a total of 2331 clock tree pins with a slew violation.

Slew violation summary across all clock trees - Top 10 violating pins:
======================================================================

Target and measured clock slews (in ns):

--------------------------------------------------------------------------------------------------------------------------------------------------------------------------------------
Half corner               Violation  Slew    Slew      Dont   Ideal  Target    Pin
                          amount     target  achieved  touch  net?   source    
                                                       net?                    
--------------------------------------------------------------------------------------------------------------------------------------------------------------------------------------
wc_dly_corner:setup.late    9.550    0.250    9.800    N      N      explicit  lp_riscv/i_riscv_core_if_stage_i_hwlp_dec_cnt_id_o_reg[0]/CK
wc_dly_corner:setup.late    9.550    0.250    9.800    N      N      explicit  lp_riscv/i_riscv_core_if_stage_i_hwlp_dec_cnt_if_reg[0]/CK
wc_dly_corner:setup.late    9.550    0.250    9.800    N      N      explicit  lp_riscv/i_riscv_core_if_stage_i_hwlp_dec_cnt_if_reg[1]/CK
wc_dly_corner:setup.late    9.550    0.250    9.800    N      N      explicit  lp_riscv/i_riscv_core_if_stage_i_prefetch_32.prefetch_buffer_i_RC_CG_HIER_INST36/RC_CGIC_INST/CK
wc_dly_corner:setup.late    9.550    0.250    9.800    N      N      explicit  lp_riscv/i_riscv_core_if_stage_i_RC_CG_HIER_INST34/RC_CGIC_INST/CK
wc_dly_corner:setup.late    9.550    0.250    9.800    N      N      explicit  lp_riscv/i_riscv_core_if_stage_i_prefetch_32.prefetch_buffer_i_fifo_i_RC_CG_HIER_INST15/RC_CGIC_INST/CK
wc_dly_corner:setup.late    9.550    0.250    9.800    N      N      explicit  lp_riscv/i_riscv_core_if_stage_i_prefetch_32.prefetch_buffer_i_fifo_i_RC_CG_HIER_INST16/RC_CGIC_INST/CK
wc_dly_corner:setup.late    9.550    0.250    9.800    N      N      explicit  lp_riscv/i_riscv_core_if_stage_i_prefetch_32.prefetch_buffer_i_fifo_i_RC_CG_HIER_INST17/RC_CGIC_INST/CK
wc_dly_corner:setup.late    9.550    0.250    9.800    N      N      explicit  lp_riscv/i_riscv_core_if_stage_i_prefetch_32.prefetch_buffer_i_fifo_i_RC_CG_HIER_INST18/RC_CGIC_INST/CK
wc_dly_corner:setup.late    9.550    0.250    9.800    N      N      explicit  lp_riscv/i_riscv_core_if_stage_i_prefetch_32.prefetch_buffer_i_fifo_i_RC_CG_HIER_INST19/RC_CGIC_INST/CK
--------------------------------------------------------------------------------------------------------------------------------------------------------------------------------------

Target sources:
auto extracted - target was extracted from SDC.
auto computed - target was computed when balancing trees.
auto scaled - target was computed by scaling the primary corner skew target when balancing trees.
explicit - target is explicitly set via cts_target_max_transition_time attribute.
pin explicit - target is explicitly set for this pin via cts_pin_target_max_transition_time attribute.
liberty explicit - target is explicitly set via max_transition from liberty library.

Found 2 pins on nets marked dont_touch that have slew violations.
Found 0 pins on nets marked dont_touch that do not have slew violations.
Found 0 pins on nets marked ideal_network that have slew violations.
Found 0 pins on nets marked ideal_network that do not have slew violations.


Report for clock tree: clk:
===========================

Clock Tree Gating Structure (Logical):

# Full cycle clock gates   :  66
Minimum clock gating depth :   1
Maximum clock gating depth :   2
Clock gate area (um^2)     : 423.000

Clock Tree Buffering Structure (Logical):

# Buffers             : 0
# Inverters           : 0
  Total               : 0
Minimum depth         : 1
Maximum depth         : 3
Buffering area (um^2) : 0.000

Clock Tree Level Structure (Logical):

-----------------------------------------------------------------
Level  Full   Posedge  Negedge  Memory  Enable  Non enable  Other
       Cycle  Flops    Flops    Clock   Latch   Latch       Sinks
                                Pins    Sinks   Sinks       
-----------------------------------------------------------------
root     6       12       0       6       1         0         0
  1     60      112       0       0       0         0         0
  2      0     2065       0       0       0         0         0
-----------------------------------------------------------------
Total   66     2189       0       6       1         0         0
-----------------------------------------------------------------

Target and measured clock slews (in ns):

------------------------------------------------------------------------------------------------------------------------------------
Timing Corner              Worst Rising  Worst Falling  Worst Rising  Worst Falling  Leaf Slew    Leaf Slew  Trunk Slew   Trunk Slew
                           Leaf Slew     Leaf Slew      Trunk Slew    Trunk Slew     Target Type  Target     Target Type  Target
------------------------------------------------------------------------------------------------------------------------------------
bc_dly_corner:hold.early      3.229          2.237         3.229          2.237      ignored          -      ignored          -
bc_dly_corner:hold.late       3.229          2.237         3.229          2.237      ignored          -      ignored          -
wc_dly_corner:setup.early     9.800          7.228         9.800          7.228      ignored          -      ignored          -
wc_dly_corner:setup.late      9.800          7.228         9.800          7.228      explicit     *0.250     explicit     *0.250
------------------------------------------------------------------------------------------------------------------------------------

* - indicates that target was not met.

auto extracted - target was extracted from SDC.
auto computed - target was computed when balancing trees.

