###############################################################
#  Generated by:      Cadence Innovus 25.11-s102_1
#  OS:                Linux x86_64(Host ID ip-10-70-171-74.il-central-1.compute.internal)
#  Generated on:      Tue Jan 27 20:13:50 2026
#  Design:            lp_riscv_top
#  Command:           report_clock_tree_convergence -out_file /project/tsmc65/users/schiffe/ws/DVD/hw6/workspace/../reports/cts//clock_tree_convergence.rpt
###############################################################

Convergence above clock sinks
=============================

---------------------------------------------------------------
Number of paths to sink    PIOs    DFFs    Other sinks    Total
---------------------------------------------------------------
           1                0      2189         7         2196
---------------------------------------------------------------

Sinks with the most paths leading to them
=========================================

------------------------------------------------------------------------
Sink                                                     Number of paths
------------------------------------------------------------------------
lp_riscv/ds_cs_s_reg/CK                                         1
lp_riscv/i_riscv_core_core_clock_gate_i_clk_en_reg/GN           1
lp_riscv/iram_prog_addr_reg[0][2]/CK                            1
lp_riscv/iram_prog_addr_reg[0][3]/CK                            1
lp_riscv/iram_prog_addr_reg[0][4]/CK                            1
lp_riscv/iram_prog_addr_reg[0][5]/CK                            1
lp_riscv/iram_prog_addr_reg[0][6]/CK                            1
lp_riscv/iram_prog_addr_reg[0][7]/CK                            1
lp_riscv/is_addr_sel_0_reg/CK                                   1
lp_riscv/is_cs_s_reg/CK                                         1
------------------------------------------------------------------------

