###############################################################
#  Generated by:      Cadence Innovus 25.11-s102_1
#  OS:                Linux x86_64(Host ID ip-10-70-171-74.il-central-1.compute.internal)
#  Generated on:      Tue Jan 27 20:13:55 2026
#  Design:            lp_riscv_top
#  Command:           report_skew_groups -out_file /project/tsmc65/users/schiffe/ws/DVD/hw6/workspace/../reports/cts//skew_groups.rpt
###############################################################

Skew Group Structure:
=====================

-----------------------------------------------------------------
Skew Group    Sources    Constrained Sinks    Unconstrained Sinks
-----------------------------------------------------------------
clk              1             2195                    1
-----------------------------------------------------------------

Skew Group Summary:
===================

-----------------------------------------------------------------------------------------------------------------------------------------------------------------------
Timing Corner                Skew Group    ID Target    Min ID    Max ID    Avg ID    Std.Dev. ID    Skew Target Type    Skew Target    Skew      Skew window occupancy
-----------------------------------------------------------------------------------------------------------------------------------------------------------------------
wc_dly_corner:setup.early    clk               -        0.940     11.813    9.986        1.581       ignored                  -         10.873              -
wc_dly_corner:setup.late     clk           none         0.940     11.814    9.987        1.581       auto computed            -         10.874              -
bc_dly_corner:hold.early     clk               -        0.547      3.617    3.100        0.423       ignored                  -          3.070              -
bc_dly_corner:hold.late      clk               -        0.547      3.617    3.101        0.424       ignored                  -          3.070              -
-----------------------------------------------------------------------------------------------------------------------------------------------------------------------

* - indicates that target was not met.

Skew Group Min/Max path pins:
=============================

-------------------------------------------------------------------------------
Timing Corner                Skew Group    Min ID    PathID    Max ID    PathID
-------------------------------------------------------------------------------
wc_dly_corner:setup.early    clk           0.940       1       11.813      2
-    min lp_riscv/done_flag_reg/CK
-    max lp_riscv/i_riscv_core_id_stage_i_mult_dot_op_a_ex_o_reg[29]/CK
wc_dly_corner:setup.late     clk           0.940       3       11.814      4
-    min lp_riscv/done_flag_reg/CK
-    max lp_riscv/i_riscv_core_id_stage_i_mult_dot_op_a_ex_o_reg[28]/CK
bc_dly_corner:hold.early     clk           0.547       5        3.617      6
-    min lp_riscv/iccm_ram_wrapper_iccm_ram_0_sram_sp_16384x32/CLK
-    max lp_riscv/i_riscv_core_id_stage_i_mult_dot_op_a_ex_o_reg[28]/CK
bc_dly_corner:hold.late      clk           0.547       7        3.617      8
-    min lp_riscv/iccm_ram_wrapper_iccm_ram_0_sram_sp_16384x32/CLK
-    max lp_riscv/i_riscv_core_id_stage_i_mult_dot_op_a_ex_o_reg[28]/CK
-------------------------------------------------------------------------------

Timing for timing corner wc_dly_corner:setup.early, min clock_path:
===================================================================

PathID    : 1
Path type : skew group clk (path 1 of 1)
Start     : PAD_CLK
End       : lp_riscv/done_flag_reg/CK
Delay     : 0.940

-----------------------------------------------------------------------------------------------------------------
Name  Lib cell         Event  Incr   Arrival  Slew   Cap    Location            Distance  Fanout  Status  Voltage
                              (ns)   (ns)     (ns)   (pF)                       (um)                      (mV)
-- Clockpath trace ----------------------------------------------------------------------------------------------
PAD_CLK
-     -                rise   -       0.000   0.269  2.783  (886.250,1898.500)  -            1            -
i_ioring/i_CLK/PAD
-     PDDW1216SCDG     rise   0.002   0.002   0.223  -      (886.250,1898.500)    0.000   -                3.000
i_ioring/i_CLK/C
-     PDDW1216SCDG     rise   0.759   0.761   0.256  0.646  (871.120,1780.265)  133.365     25             3.000
lp_riscv/done_flag_reg/CK
-     DFFRPQ_X2M_A9TL  rise   0.179   0.940   0.733  -      (875.300,1086.900)  697.545   -                0.900
-----------------------------------------------------------------------------------------------------------------

Timing for timing corner wc_dly_corner:setup.early, max clock_path:
===================================================================

PathID    :  2
Path type : skew group clk (path 1 of 1)
Start     : PAD_CLK
End       : lp_riscv/i_riscv_core_id_stage_i_mult_dot_op_a_ex_o_reg[29]/CK
Delay     : 11.813

--------------------------------------------------------------------------------------------------------------------
Name  Lib cell           Event  Incr   Arrival  Slew   Cap    Location             Distance  Fanout  Status  Voltage
                                (ns)   (ns)     (ns)   (pF)                        (um)                      (mV)
-- Clockpath trace -------------------------------------------------------------------------------------------------
PAD_CLK
-     -                  rise   -       0.000   0.269  2.783  (886.250,1898.500)   -            1            -
i_ioring/i_CLK/PAD
-     PDDW1216SCDG       rise   0.002   0.002   0.223  -      (886.250,1898.500)      0.000  -                3.000
i_ioring/i_CLK/C
-     PDDW1216SCDG       rise   0.759   0.761   0.256  0.646  (871.120,1780.265)    133.365    25             3.000
lp_riscv/g103844/A
-     AND2_X0P7M_A9TR    rise   0.194   0.956   1.830  -      (1277.900,1007.500)  1179.545  -                0.900
lp_riscv/g103844/Y
-     AND2_X0P7M_A9TR    rise   5.923   6.879   9.800  0.393  (1277.300,1007.100)     1.000   132             0.900
lp_riscv/i_riscv_core_id_stage_i_RC_CG_HIER_INST27/RC_CGIC_INST/CK
-     PREICG_X0P5B_A9TR  rise   0.018   6.897   9.800  -      (1257.500,1068.300)    81.000  -                0.900
lp_riscv/i_riscv_core_id_stage_i_RC_CG_HIER_INST27/RC_CGIC_INST/ECK
-     PREICG_X0P5B_A9TR  rise   4.908  11.805   5.214  0.153  (1259.700,1068.700)     2.600    98             0.900
lp_riscv/i_riscv_core_id_stage_i_mult_dot_op_a_ex_o_reg[29]/CK
-     DFFRPQ_X2M_A9TL    rise   0.008  11.813   5.219  -      (1219.700,1131.900)   103.200  -                0.900
--------------------------------------------------------------------------------------------------------------------

Timing for timing corner wc_dly_corner:setup.late, min clock_path:
==================================================================

PathID    : 3
Path type : skew group clk (path 1 of 1)
Start     : PAD_CLK
End       : lp_riscv/done_flag_reg/CK
Delay     : 0.940

-----------------------------------------------------------------------------------------------------------------
Name  Lib cell         Event  Incr   Arrival  Slew   Cap    Location            Distance  Fanout  Status  Voltage
                              (ns)   (ns)     (ns)   (pF)                       (um)                      (mV)
-- Clockpath trace ----------------------------------------------------------------------------------------------
PAD_CLK
-     -                rise   -       0.000   0.269  2.783  (886.250,1898.500)  -            1            -
i_ioring/i_CLK/PAD
-     PDDW1216SCDG     rise   0.002   0.002   0.223  -      (886.250,1898.500)    0.000   -                3.000
i_ioring/i_CLK/C
-     PDDW1216SCDG     rise   0.759   0.761   0.256  0.646  (871.120,1780.265)  133.365     25             3.000
lp_riscv/done_flag_reg/CK
-     DFFRPQ_X2M_A9TL  rise   0.179   0.940   0.733  -      (875.300,1086.900)  697.545   -                0.900
-----------------------------------------------------------------------------------------------------------------

Timing for timing corner wc_dly_corner:setup.late, max clock_path:
==================================================================

PathID    :  4
Path type : skew group clk (path 1 of 1)
Start     : PAD_CLK
End       : lp_riscv/i_riscv_core_id_stage_i_mult_dot_op_a_ex_o_reg[28]/CK
Delay     : 11.814

--------------------------------------------------------------------------------------------------------------------
Name  Lib cell           Event  Incr   Arrival  Slew   Cap    Location             Distance  Fanout  Status  Voltage
                                (ns)   (ns)     (ns)   (pF)                        (um)                      (mV)
-- Clockpath trace -------------------------------------------------------------------------------------------------
PAD_CLK
-     -                  rise   -       0.000   0.269  2.783  (886.250,1898.500)   -            1            -
i_ioring/i_CLK/PAD
-     PDDW1216SCDG       rise   0.002   0.002   0.223  -      (886.250,1898.500)      0.000  -                3.000
i_ioring/i_CLK/C
-     PDDW1216SCDG       rise   0.759   0.761   0.256  0.646  (871.120,1780.265)    133.365    25             3.000
lp_riscv/g103844/A
-     AND2_X0P7M_A9TR    rise   0.194   0.956   1.830  -      (1277.900,1007.500)  1179.545  -                0.900
lp_riscv/g103844/Y
-     AND2_X0P7M_A9TR    rise   5.923   6.879   9.800  0.393  (1277.300,1007.100)     1.000   132             0.900
lp_riscv/i_riscv_core_id_stage_i_RC_CG_HIER_INST27/RC_CGIC_INST/CK
-     PREICG_X0P5B_A9TR  rise   0.018   6.897   9.800  -      (1257.500,1068.300)    81.000  -                0.900
lp_riscv/i_riscv_core_id_stage_i_RC_CG_HIER_INST27/RC_CGIC_INST/ECK
-     PREICG_X0P5B_A9TR  rise   4.908  11.806   5.214  0.153  (1259.700,1068.700)     2.600    98             0.900
lp_riscv/i_riscv_core_id_stage_i_mult_dot_op_a_ex_o_reg[28]/CK
-     DFFRPQ_X2M_A9TL    rise   0.008  11.814   5.219  -      (1219.700,1126.500)    97.800  -                0.900
--------------------------------------------------------------------------------------------------------------------

Timing for timing corner bc_dly_corner:hold.early, min clock_path:
==================================================================

PathID    : 5
Path type : skew group clk (path 1 of 1)
Start     : PAD_CLK
End       : lp_riscv/iccm_ram_wrapper_iccm_ram_0_sram_sp_16384x32/CLK
Delay     : 0.547

------------------------------------------------------------------------------------------------------------------
Name  Lib cell          Event  Incr   Arrival  Slew   Cap    Location            Distance  Fanout  Status  Voltage
                               (ns)   (ns)     (ns)   (pF)                       (um)                      (mV)
-- Clockpath trace -----------------------------------------------------------------------------------------------
PAD_CLK
-     -                 rise   -       0.000   0.143  2.545  (886.250,1898.500)  -            1            -
i_ioring/i_CLK/PAD
-     PDDW1216SCDG      rise   0.000   0.000   0.119  -      (886.250,1898.500)     0.000  -                3.600
i_ioring/i_CLK/C
-     PDDW1216SCDG      rise   0.454   0.455   0.177  0.673  (871.120,1780.265)   133.365    25             3.600
lp_riscv/iccm_ram_wrapper_iccm_ram_0_sram_sp_16384x32/CLK
-     sp_hde_16384_m16  rise   0.092   0.547   0.222  -      (517.760,1075.745)  1057.880  -                1.320
------------------------------------------------------------------------------------------------------------------

Timing for timing corner bc_dly_corner:hold.early, max clock_path:
==================================================================

PathID    : 6
Path type : skew group clk (path 1 of 1)
Start     : PAD_CLK
End       : lp_riscv/i_riscv_core_id_stage_i_mult_dot_op_a_ex_o_reg[28]/CK
Delay     : 3.617

--------------------------------------------------------------------------------------------------------------------
Name  Lib cell           Event  Incr   Arrival  Slew   Cap    Location             Distance  Fanout  Status  Voltage
                                (ns)   (ns)     (ns)   (pF)                        (um)                      (mV)
-- Clockpath trace -------------------------------------------------------------------------------------------------
PAD_CLK
-     -                  rise   -       0.000   0.143  2.545  (886.250,1898.500)   -            1            -
i_ioring/i_CLK/PAD
-     PDDW1216SCDG       rise   0.000   0.000   0.119  -      (886.250,1898.500)      0.000  -                3.600
i_ioring/i_CLK/C
-     PDDW1216SCDG       rise   0.454   0.455   0.177  0.673  (871.120,1780.265)    133.365    25             3.600
lp_riscv/g103844/A
-     AND2_X0P7M_A9TR    rise   0.287   0.741   0.700  -      (1277.900,1007.500)  1179.545  -                1.320
lp_riscv/g103844/Y
-     AND2_X0P7M_A9TR    rise   1.802   2.543   3.228  0.450  (1277.300,1007.100)     1.000   132             1.320
lp_riscv/i_riscv_core_id_stage_i_RC_CG_HIER_INST27/RC_CGIC_INST/CK
-     PREICG_X0P5B_A9TR  rise   0.007   2.550   3.229  -      (1257.500,1068.300)    81.000  -                1.320
lp_riscv/i_riscv_core_id_stage_i_RC_CG_HIER_INST27/RC_CGIC_INST/ECK
-     PREICG_X0P5B_A9TR  rise   1.064   3.613   1.556  0.170  (1259.700,1068.700)     2.600    98             1.320
lp_riscv/i_riscv_core_id_stage_i_mult_dot_op_a_ex_o_reg[28]/CK
-     DFFRPQ_X2M_A9TL    rise   0.003   3.617   1.558  -      (1219.700,1126.500)    97.800  -                1.320
--------------------------------------------------------------------------------------------------------------------

Timing for timing corner bc_dly_corner:hold.late, min clock_path:
=================================================================

PathID    : 7
Path type : skew group clk (path 1 of 1)
Start     : PAD_CLK
End       : lp_riscv/iccm_ram_wrapper_iccm_ram_0_sram_sp_16384x32/CLK
Delay     : 0.547

------------------------------------------------------------------------------------------------------------------
Name  Lib cell          Event  Incr   Arrival  Slew   Cap    Location            Distance  Fanout  Status  Voltage
                               (ns)   (ns)     (ns)   (pF)                       (um)                      (mV)
-- Clockpath trace -----------------------------------------------------------------------------------------------
PAD_CLK
-     -                 rise   -       0.000   0.143  2.545  (886.250,1898.500)  -            1            -
i_ioring/i_CLK/PAD
-     PDDW1216SCDG      rise   0.000   0.000   0.119  -      (886.250,1898.500)     0.000  -                3.600
i_ioring/i_CLK/C
-     PDDW1216SCDG      rise   0.454   0.455   0.177  0.673  (871.120,1780.265)   133.365    25             3.600
lp_riscv/iccm_ram_wrapper_iccm_ram_0_sram_sp_16384x32/CLK
-     sp_hde_16384_m16  rise   0.092   0.547   0.222  -      (517.760,1075.745)  1057.880  -                1.320
------------------------------------------------------------------------------------------------------------------

Timing for timing corner bc_dly_corner:hold.late, max clock_path:
=================================================================

PathID    : 8
Path type : skew group clk (path 1 of 1)
Start     : PAD_CLK
End       : lp_riscv/i_riscv_core_id_stage_i_mult_dot_op_a_ex_o_reg[28]/CK
Delay     : 3.617

--------------------------------------------------------------------------------------------------------------------
Name  Lib cell           Event  Incr   Arrival  Slew   Cap    Location             Distance  Fanout  Status  Voltage
                                (ns)   (ns)     (ns)   (pF)                        (um)                      (mV)
-- Clockpath trace -------------------------------------------------------------------------------------------------
PAD_CLK
-     -                  rise   -       0.000   0.143  2.545  (886.250,1898.500)   -            1            -
i_ioring/i_CLK/PAD
-     PDDW1216SCDG       rise   0.000   0.000   0.119  -      (886.250,1898.500)      0.000  -                3.600
i_ioring/i_CLK/C
-     PDDW1216SCDG       rise   0.454   0.455   0.177  0.673  (871.120,1780.265)    133.365    25             3.600
lp_riscv/g103844/A
-     AND2_X0P7M_A9TR    rise   0.287   0.741   0.700  -      (1277.900,1007.500)  1179.545  -                1.320
lp_riscv/g103844/Y
-     AND2_X0P7M_A9TR    rise   1.802   2.543   3.228  0.450  (1277.300,1007.100)     1.000   132             1.320
lp_riscv/i_riscv_core_id_stage_i_RC_CG_HIER_INST27/RC_CGIC_INST/CK
-     PREICG_X0P5B_A9TR  rise   0.007   2.550   3.229  -      (1257.500,1068.300)    81.000  -                1.320
lp_riscv/i_riscv_core_id_stage_i_RC_CG_HIER_INST27/RC_CGIC_INST/ECK
-     PREICG_X0P5B_A9TR  rise   1.064   3.614   1.556  0.170  (1259.700,1068.700)     2.600    98             1.320
lp_riscv/i_riscv_core_id_stage_i_mult_dot_op_a_ex_o_reg[28]/CK
-     DFFRPQ_X2M_A9TL    rise   0.003   3.617   1.558  -      (1219.700,1126.500)    97.800  -                1.320
--------------------------------------------------------------------------------------------------------------------

