###############################################################
#  Generated by:      Cadence Innovus 25.11-s102_1
#  OS:                Linux x86_64(Host ID ip-10-70-171-74.il-central-1.compute.internal)
#  Generated on:      Tue Jan 27 20:50:56 2026
#  Design:            lp_riscv_top
#  Command:           report_timing > $rpt_dir/report_timing.rpt
###############################################################
Path 1: VIOLATED (-0.040 ns) Setup Check with Pin lp_riscv/i_riscv_core_id_stage_i_mult_operand_b_ex_o_reg[26]/CK->D
               View: wc_analysis_view
              Group: reg2reg
         Startpoint: (R) lp_riscv/i_riscv_core_id_stage_i_alu_operator_ex_o_reg[4]/CK
              Clock: (R) clk
           Endpoint: (F) lp_riscv/i_riscv_core_id_stage_i_mult_operand_b_ex_o_reg[26]/D
              Clock: (R) clk

                       Capture       Launch
         Clock Edge:+    7.500        0.000
        Src Latency:+    0.000        0.000
        Net Latency:+    0.000 (I)    0.000 (I)
            Arrival:=    7.500        0.000

              Setup:-    0.113
        Uncertainty:-    0.125
        Cppr Adjust:+    0.000
      Required Time:=    7.262
       Launch Clock:=    0.000
          Data Path:+    7.302
              Slack:=   -0.040

#------------------------------------------------------------------------------------------------------------------------------------------
# Timing Point                                                    Flags  Arc     Edge  Cell                  Fanout  Trans   Delay  Arrival  
#                                                                                                                     (ns)    (ns)     (ns)  
#------------------------------------------------------------------------------------------------------------------------------------------
  lp_riscv/i_riscv_core_id_stage_i_alu_operator_ex_o_reg[4]/CK    -      CK      R     (arrival)                 52  0.000       -    0.000  
  lp_riscv/i_riscv_core_id_stage_i_alu_operator_ex_o_reg[4]/Q     -      CK->Q   R     DFFRPQ_X2M_A9TL           10  0.000   0.385    0.385  
  lp_riscv/g76053/Y                                               -      A->Y    F     NAND2_X4A_A9TL             5  0.216   0.110    0.495  
  lp_riscv/g76006/Y                                               -      C->Y    F     OR4_X3M_A9TL               1  0.107   0.159    0.654  
  lp_riscv/placement_opt_inst_FE_OFC6014_n_7479/Y                 -      A->Y    R     INV_X5M_A9TL               2  0.069   0.109    0.763  
  lp_riscv/placement_opt_inst_FE_OFC6015_n_7479/Y                 -      A->Y    F     INV_X13M_A9TL             17  0.128   0.077    0.840  
  lp_riscv/g75879/Y                                               -      A->Y    F     XNOR2_X2M_A9TL             1  0.068   0.090    0.930  
  lp_riscv/i_riscv_core_ex_stage_i_alu_i_add_162_45_g4648/CO      -      B->CO   F     ADDF_X2M_A9TL              1  0.105   0.237    1.166  
  lp_riscv/i_riscv_core_ex_stage_i_alu_i_add_162_45_g4647/Y       -      A->Y    R     INV_X4B_A9TL               2  0.079   0.053    1.219  
  lp_riscv/i_riscv_core_ex_stage_i_alu_i_add_162_45_g4644/Y       -      A0->Y   F     OAI2XB1_X3M_A9TL           2  0.045   0.065    1.284  
  lp_riscv/i_riscv_core_ex_stage_i_alu_i_add_162_45_g4636/Y       -      A->Y    R     NAND2XB_X3M_A9TL           1  0.089   0.070    1.354  
  lp_riscv/i_riscv_core_ex_stage_i_alu_i_add_162_45_g4634/Y       -      B->Y    F     NAND2_X3A_A9TL             4  0.066   0.074    1.428  
  lp_riscv/i_riscv_core_ex_stage_i_alu_i_add_162_45_g4629/Y       -      A->Y    R     NAND2XB_X2M_A9TL           1  0.073   0.072    1.500  
  lp_riscv/i_riscv_core_ex_stage_i_alu_i_add_162_45_g4623/Y       -      C->Y    R     AND3_X4M_A9TL              3  0.078   0.148    1.648  
  lp_riscv/i_riscv_core_ex_stage_i_alu_i_add_162_45_g4622/Y       -      A->Y    F     INV_X4M_A9TL               2  0.080   0.043    1.692  
  lp_riscv/i_riscv_core_ex_stage_i_alu_i_add_162_45_g4617/Y       -      A->Y    R     NAND2XB_X3M_A9TL           2  0.035   0.057    1.749  
  lp_riscv/i_riscv_core_ex_stage_i_alu_i_add_162_45_g4612/Y       -      A->Y    F     NAND2XB_X2M_A9TL           3  0.081   0.078    1.826  
  lp_riscv/i_riscv_core_ex_stage_i_alu_i_add_162_45_g4604/Y       -      A->Y    R     NAND2XB_X1M_A9TL           1  0.082   0.099    1.926  
  lp_riscv/i_riscv_core_ex_stage_i_alu_i_add_162_45_g4601/Y       -      B->Y    F     NAND2_X2A_A9TL             1  0.115   0.081    2.007  
  lp_riscv/g165018/Y                                              -      B->Y    F     XNOR2_X3M_A9TL             3  0.086   0.140    2.147  
  lp_riscv/i_riscv_core_ex_stage_i_alu_i_add_176_44_g4568/Y       -      A->Y    F     OR2_X2M_A9TL               3  0.105   0.150    2.296  
  lp_riscv/i_riscv_core_ex_stage_i_alu_i_add_176_44_g4380/Y       -      A0->Y   R     AOI2XB1_X3M_A9TL           1  0.070   0.087    2.383  
  lp_riscv/i_riscv_core_ex_stage_i_alu_i_add_176_44_g4347/Y       -      B0->Y   F     OAI21_X3M_A9TL             3  0.078   0.086    2.469  
  lp_riscv/i_riscv_core_ex_stage_i_alu_i_add_176_44_g4337/Y       -      A1->Y   R     AOI211_X4M_A9TL            1  0.091   0.148    2.618  
  lp_riscv/i_riscv_core_ex_stage_i_alu_i_add_176_44_g4304/Y       -      A->Y    F     NAND2_X4A_A9TL             4  0.124   0.098    2.715  
  lp_riscv/i_riscv_core_ex_stage_i_alu_i_add_176_44_g4300/Y       -      A->Y    R     NAND2XB_X6M_A9TL           3  0.095   0.086    2.801  
  lp_riscv/i_riscv_core_ex_stage_i_alu_i_add_176_44_g4291/Y       -      A->Y    F     NOR2XB_X6M_A9TL            3  0.087   0.061    2.862  
  lp_riscv/i_riscv_core_ex_stage_i_alu_i_add_176_44_g4290/Y       -      A->Y    R     INV_X6B_A9TL               3  0.056   0.044    2.906  
  lp_riscv/i_riscv_core_ex_stage_i_alu_i_add_176_44_g4285/Y       -      B->Y    F     NAND2_X4M_A9TL             4  0.038   0.057    2.963  
  lp_riscv/i_riscv_core_ex_stage_i_alu_i_add_176_44_g4266/Y       -      A->Y    F     XOR2_X1M_A9TL              1  0.071   0.110    3.073  
  lp_riscv/g102465/Y                                              -      B0->Y   R     AOI22_X2M_A9TL             1  0.112   0.130    3.203  
  lp_riscv/g102403/Y                                              -      B0N->Y  F     AO21B_X4M_A9TL            11  0.152   0.192    3.395  
  lp_riscv/i_riscv_core_ex_stage_i_alu_i_sra_292_63_g2915/Y       -      A->Y    R     MXIT2_X3M_A9TL             2  0.224   0.152    3.547  
  lp_riscv/i_riscv_core_ex_stage_i_alu_i_sra_292_63_g2862/Y       -      B->Y    F     MXIT2_X1M_A9TL             2  0.149   0.123    3.671  
  lp_riscv/g165043/Y                                              -      A->Y    F     MXT2_X0P7M_A9TL            2  0.131   0.222    3.893  
  lp_riscv/i_riscv_core_ex_stage_i_alu_i_sra_292_63_g2778/Y       -      A->Y    R     NAND2XB_X1M_A9TL           1  0.116   0.108    4.001  
  lp_riscv/i_riscv_core_ex_stage_i_alu_i_sra_292_63_g3046/Y       -      B0->Y   F     OAI2XB1_X1P4M_A9TL         1  0.104   0.080    4.081  
  lp_riscv/i_riscv_core_ex_stage_i_alu_i_sra_292_63_g2702/Y       -      B->Y    F     MXT2_X1P4M_A9TL            1  0.088   0.170    4.251  
  lp_riscv/g158713/Y                                              -      B0->Y   R     AOI22_X1M_A9TL             1  0.069   0.097    4.348  
  lp_riscv/placement_opt_inst_FE_OFC8084_n_3239/Y                 -      A->Y    R     BUF_X3M_A9TL               1  0.121   0.131    4.479  
  lp_riscv/g157576/Y                                              -      B->Y    F     NAND4_X3A_A9TL             3  0.061   0.129    4.608  
  lp_riscv/g157230/Y                                              -      A1->Y   R     AOI22_X3M_A9TL             2  0.180   0.207    4.815  
  lp_riscv/g156929/Y                                              -      A1->Y   F     OAI22_X2M_A9TL             1  0.178   0.136    4.951  
  lp_riscv/g156839/Y                                              -      B1->Y   R     AOI32_X1M_A9TL             1  0.138   0.187    5.138  
  lp_riscv/placement_opt_inst_FE_RC_49_0/Y                        -      A->Y    F     INV_X2M_A9TL               1  0.203   0.073    5.211  
  lp_riscv/placement_opt_inst_FE_RC_48_0/Y                        -      A->Y    R     NAND2XB_X2M_A9TL           1  0.067   0.061    5.273  
  lp_riscv/placement_opt_inst_FE_RC_78_0/Y                        -      A->Y    F     NAND3_X2M_A9TL             1  0.069   0.075    5.347  
  lp_riscv/g156801/Y                                              -      B->Y    R     MXIT2_X3M_A9TL             1  0.089   0.091    5.438  
  lp_riscv/g156799/Y                                              -      A0->Y   F     AOI2XB1_X3M_A9TL           1  0.099   0.080    5.518  
  lp_riscv/g156798/Y                                              -      B->Y    R     NAND2_X4A_A9TL             1  0.102   0.075    5.593  
  lp_riscv/placement_opt_inst_FE_OCPC6652_n_4675/Y                -      A->Y    F     INV_X6M_A9TL               2  0.060   0.054    5.647  
  lp_riscv/placement_opt_inst_FE_OFC6740_n_4675/Y                 -      A->Y    R     INV_X11M_A9TL             16  0.046   0.058    5.706  
  lp_riscv/g156772/Y                                              -      A1->Y   F     AOI22_X1M_A9TL             1  0.062   0.117    5.823  
  lp_riscv/placement_opt_inst_FE_RC_72_0/Y                        -      B0->Y   R     AOI32_X2M_A9TL             1  0.148   0.142    5.965  
  lp_riscv/g156728/Y                                              -      C->Y    R     AND3_X1M_A9TL              1  0.140   0.178    6.143  
  lp_riscv/g156699/Y                                              -      C->Y    R     AND3_X4M_A9TL              4  0.090   0.185    6.328  
  lp_riscv/g156064/Y                                              -      A0->Y   F     OAI2XB1_X3M_A9TL           3  0.131   0.119    6.446  
  lp_riscv/g155370/Y                                              -      A->Y    R     NAND2XB_X2M_A9TL           1  0.156   0.117    6.564  
  lp_riscv/g154226/Y                                              -      C->Y    F     NAND4XXXB_X1P4M_A9TL       2  0.100   0.168    6.732  
  lp_riscv/g153918/Y                                              -      A->Y    R     NAND2XB_X2M_A9TL           1  0.204   0.144    6.876  
  lp_riscv/g153835/Y                                              -      B->Y    F     NAND2_X2B_A9TL             1  0.122   0.106    6.982  
  lp_riscv/g153822/Y                                              -      A->Y    R     NOR2XB_X3M_A9TL            1  0.110   0.090    7.072  
  lp_riscv/g153784/Y                                              -      A->Y    F     NAND4_X2A_A9TL             1  0.087   0.069    7.141  
  lp_riscv/placement_opt_inst_FE_OFC6668_n_6333/Y                 -      A->Y    F     BUF_X3P5M_A9TL             3  0.081   0.161    7.302  
  lp_riscv/i_riscv_core_id_stage_i_mult_operand_b_ex_o_reg[26]/D  -      D       F     DFFRPQ_X1M_A9TL            3  0.099   0.000    7.302  
#------------------------------------------------------------------------------------------------------------------------------------------

