 ------------------------------------------------------------------------------------------------------------------------------------ 
| Snapshot             | WNS                  | TNS                  | Density (%) | Resource               | DRVs       | Layer-OPT |
|                      | HEPG (ns) | ALL (ns) | HEPG (ns) | ALL (ns) |             | Real (s) | Memory (MB) | Tran | Cap | M9        |
|----------------------+-----------+----------+-----------+----------+-------------+----------+-------------+------+-----+-----------|
| initial_summary      |    -0.556 |   -0.556 |           |     -286 |        4.89 | 0:00:38  |        4374 |   15 |   0 |           |
| ccopt_pro            |           |          |           |          |             | 0:00:56  |        4752 |      |     |           |
| drv_eco_fixing       |    -0.556 |   -0.556 |      -286 |     -286 |        4.89 | 0:00:06  |        4396 |   34 |   0 |         1 |
| wns_fixing           |     0.000 |    0.000 |         0 |        0 |        5.06 | 0:01:22  |        4496 |      |     |         1 |
| initial_summary_2    |     0.000 |    0.000 |           |        0 |        5.06 | 0:00:29  |        4474 |    0 |   0 |           |
| hold_fixing          |     0.000 |    0.000 |         0 |        0 |        5.06 | 0:00:09  |        4451 |      |     |         1 |
| route_type_fixing    |           |          |           |          |             | 0:00:01  |        4450 |      |     |           |
| pre_route_summary    |     0.000 |    0.000 |           |        0 |        5.06 | 0:00:01  |        4450 |    0 |   0 |           |
| eco_route            |           |          |           |          |             | 0:03:44  |        4509 |      |     |           |
| post_route_summary   |    -0.549 |   -0.549 |           |     -190 |        5.06 | 0:00:21  |        4648 |   10 |   0 |           |
| tns_eco_fixing       |    -0.549 |   -0.549 |      -190 |     -190 |       85.63 | 0:00:17  |        4684 |      |     |         1 |
| drv_eco_fixing_2     |    -0.549 |   -0.549 |      -190 |     -190 |       85.63 | 0:00:05  |        4654 |   44 |   0 |         1 |
| drv_eco_fixing_3     |    -0.549 |   -0.549 |      -187 |     -187 |        5.06 | 0:00:04  |        4657 |   38 |   0 |         1 |
| wns_eco_fixing       |    -0.377 |   -0.377 |      -106 |     -106 |        5.06 | 0:00:11  |        4695 |      |     |         1 |
| harden_opt_fixing    |           |          |           |          |             | 0:00:14  |        4667 |      |     |         1 |
| tns_eco_fixing_2     |    -0.378 |   -0.378 |       -71 |      -71 |        5.08 | 0:00:29  |        4714 |      |     |         1 |
| initial_summary_3    |    -0.378 |   -0.378 |           |      -71 |             | 0:00:23  |        4772 |      |     |           |
| route_type_fixing_2  |           |          |           |          |             | 0:00:03  |        4779 |      |     |           |
| pre_route_summary_2  |    -0.378 |   -0.378 |           |      -71 |        5.08 | 0:00:01  |        4779 |    4 |   0 |           |
| eco_route_2          |           |          |           |          |             | 0:01:12  |        4659 |      |     |           |
| post_route_summary_2 |    -0.401 |   -0.401 |           |      -89 |        5.08 | 0:00:02  |        4703 |    6 |   0 |           |
| tns_eco_fixing_3     |    -0.401 |   -0.401 |       -89 |      -89 |       85.63 | 0:00:09  |        4734 |      |     |         1 |
| initial_summary_4    |    -0.401 |   -0.401 |           |      -89 |        5.08 | 0:00:29  |        4813 |    6 |   0 |           |
| hold_fixing_2        |           |          |           |          |             | 0:00:02  |        4812 |      |     |           |
| final_summary        |    -0.401 |   -0.401 |           |      -89 |        5.08 | 0:00:23  |        4807 |    6 |   0 |           |
 ------------------------------------------------------------------------------------------------------------------------------------ 
