**INFO: Starting Blocking QThread with 1 CPU
   ____________________________________________________________________
__/ message from Blocking QThread
*** QThread MetricCollect [begin] (IncrReplace #1 / place_opt_design #1) : mem = 4.1M
###############################################################
#  Generated by:      Cadence Innovus 25.11-s102_1
#  OS:                Linux x86_64(Host ID ip-10-70-160-95.il-central-1.compute.internal)
#  Generated on:      Thu Jan 22 13:47:30 2026
#  Design:            lp_riscv_top
#  Command:           place_opt_design -report_dir /project/tsmc65/users/schiffe/ws/DVD/hw6/workspace/../reports/placement/place_opt_design
###############################################################

REPORT ANALYSIS SUMMARY (View:wc_analysis_view) (EL:Setup)
=========================================================================================================================================================================================================

GroupType:*
=========================================================================================================================================================================================================

         All                             IN2REG                          IN2OUT                           REG2REG                              REG2OUT
    -----------------------------------------------------------------------------------------------------------------------------------------------------------------------------------------------------  
     WNS:TNS:#VIO                     WNS:TNS:#VIO                     WNS:TNS:#VIO                     WNS:TNS:#VIO                     WNS:TNS:#VIO                     FromClk->ToClk                   
    -----------------------------------------------------------------------------------------------------------------------------------------------------------------------------------------------------  
    -0.625:-79.092:383               0.000:0.000:0                    0.000:0.000:0                    -0.625:-79.092:383               0.000:0.000:0                    *->*
Ending "set_metric_timing_analysis_summary" (total cpu=0:00:00.0, real=0:00:00.0, peak res=3772.1M, current mem=3187.7M)
Ending "get_summary_setup_timing" (total cpu=0:00:00.0, real=0:00:00.0, peak res=3772.1M, current mem=3188.6M)
*** QThread MetricCollect [finish] (IncrReplace #1 / place_opt_design #1) : cpu/real = 0:00:00.0/0:00:00.2 (0.0), mem = 31.8M
_______________________________________________________________________
